==12049== Memcheck, a memory error detector
==12049== Copyright (C) 2002-2024, and GNU GPL'd, by Julian Seward et al.
==12049== Using Valgrind-3.25.1 and LibVEX; rerun with -h for copyright info
==12049== Command: ./philo 1 310 200 200 7
==12049== Parent PID: 3253
==12049== 
==12050== 
==12050== HEAP SUMMARY:
==12050==     in use at exit: 0 bytes in 0 blocks
==12050==   total heap usage: 7 allocs, 7 frees, 1,244 bytes allocated
==12050== 
==12050== All heap blocks were freed -- no leaks are possible
==12050== 
==12050== For lists of detected and suppressed errors, rerun with: -s
==12050== ERROR SUMMARY: 0 errors from 0 contexts (suppressed: 0 from 0)
==12049== 
==12049== HEAP SUMMARY:
==12049==     in use at exit: 0 bytes in 0 blocks
==12049==   total heap usage: 7 allocs, 7 frees, 1,244 bytes allocated
==12049== 
==12049== All heap blocks were freed -- no leaks are possible
==12049== 
==12049== For lists of detected and suppressed errors, rerun with: -s
==12049== ERROR SUMMARY: 0 errors from 0 contexts (suppressed: 0 from 0)
